<?xml version="1.0" encoding="UTF-8"?>
<testng-results ignored="0" total="1" passed="1" failed="0" skipped="0">
  <reporter-output>
  </reporter-output>
  <suite started-at="2024-03-30T12:39:45 IST" name="Suite" finished-at="2024-03-30T12:40:02 IST" duration-ms="17267">
    <groups>
    </groups>
    <test started-at="2024-03-30T12:39:45 IST" name="ChromeTest" finished-at="2024-03-30T12:40:02 IST" duration-ms="17267">
      <class name="qa.tests.TestCase1">
        <test-method is-config="true" signature="beforeTest()[pri:0, instance:qa.tests.TestCase1@411f53a0]" started-at="2024-03-30T12:39:45 IST" name="beforeTest" finished-at="2024-03-30T12:39:45 IST" duration-ms="494" status="PASS">
          <reporter-output>
          </reporter-output>
        </test-method> <!-- beforeTest -->
        <test-method is-config="true" signature="beforeMethod(java.lang.String,java.lang.reflect.Method)[pri:0, instance:qa.tests.TestCase1@411f53a0]" started-at="2024-03-30T12:39:46 IST" name="beforeMethod" finished-at="2024-03-30T12:39:50 IST" duration-ms="4239" status="PASS">
          <params>
            <param index="0">
              <value>
                <![CDATA[chrome]]>
              </value>
            </param>
            <param index="1">
              <value>
                <![CDATA[public void qa.tests.TestCase1.sampleMethodForEnteringCredentials()]]>
              </value>
            </param>
          </params>
          <reporter-output>
          </reporter-output>
        </test-method> <!-- beforeMethod -->
        <test-method signature="sampleMethodForEnteringCredentials()[pri:0, instance:qa.tests.TestCase1@411f53a0]" started-at="2024-03-30T12:39:50 IST" name="sampleMethodForEnteringCredentials" finished-at="2024-03-30T12:40:01 IST" duration-ms="11304" status="PASS">
          <reporter-output>
          </reporter-output>
        </test-method> <!-- sampleMethodForEnteringCredentials -->
        <test-method is-config="true" signature="afterMethod(org.testng.ITestResult)[pri:0, instance:qa.tests.TestCase1@411f53a0]" started-at="2024-03-30T12:40:01 IST" name="afterMethod" finished-at="2024-03-30T12:40:01 IST" duration-ms="9" status="PASS">
          <params>
            <param index="0">
              <value>
                <![CDATA[[TestResult name=sampleMethodForEnteringCredentials status=SUCCESS method=TestCase1.sampleMethodForEnteringCredentials()[pri:0, instance:qa.tests.TestCase1@411f53a0] output={null}]]]>
              </value>
            </param>
          </params>
          <reporter-output>
          </reporter-output>
        </test-method> <!-- afterMethod -->
        <test-method is-config="true" signature="afterTest()[pri:0, instance:qa.tests.TestCase1@411f53a0]" started-at="2024-03-30T12:40:01 IST" name="afterTest" finished-at="2024-03-30T12:40:02 IST" duration-ms="1148" status="PASS">
          <reporter-output>
          </reporter-output>
        </test-method> <!-- afterTest -->
      </class> <!-- qa.tests.TestCase1 -->
    </test> <!-- ChromeTest -->
  </suite> <!-- Suite -->
</testng-results>
